                                 Started job on |	Jan 11 12:35:12
                             Started mapping on |	Jan 11 12:35:12
                                    Finished on |	Jan 11 13:00:38
       Mapping speed, Million of reads per hour |	98.93

                          Number of input reads |	41936201
                      Average input read length |	300
                                    UNIQUE READS:
                   Uniquely mapped reads number |	40090105
                        Uniquely mapped reads % |	95.60%
                          Average mapped length |	298.24
                       Number of splices: Total |	40483781
            Number of splices: Annotated (sjdb) |	40063583
                       Number of splices: GT/AG |	40113387
                       Number of splices: GC/AG |	283181
                       Number of splices: AT/AC |	40127
               Number of splices: Non-canonical |	47086
                      Mismatch rate per base, % |	0.23%
                         Deletion rate per base |	0.01%
                        Deletion average length |	1.88
                        Insertion rate per base |	0.01%
                       Insertion average length |	1.62
                             MULTI-MAPPING READS:
        Number of reads mapped to multiple loci |	900879
             % of reads mapped to multiple loci |	2.15%
        Number of reads mapped to too many loci |	9335
             % of reads mapped to too many loci |	0.02%
                                  UNMAPPED READS:
  Number of reads unmapped: too many mismatches |	0
       % of reads unmapped: too many mismatches |	0.00%
            Number of reads unmapped: too short |	921464
                 % of reads unmapped: too short |	2.20%
                Number of reads unmapped: other |	14418
                     % of reads unmapped: other |	0.03%
                                  CHIMERIC READS:
                       Number of chimeric reads |	0
                            % of chimeric reads |	0.00%
