                                 Started job on |	Jan 11 12:35:23
                             Started mapping on |	Jan 11 12:35:23
                                    Finished on |	Jan 11 13:01:23
       Mapping speed, Million of reads per hour |	102.22

                          Number of input reads |	44294164
                      Average input read length |	300
                                    UNIQUE READS:
                   Uniquely mapped reads number |	42400376
                        Uniquely mapped reads % |	95.72%
                          Average mapped length |	298.27
                       Number of splices: Total |	43925024
            Number of splices: Annotated (sjdb) |	43467452
                       Number of splices: GT/AG |	43523599
                       Number of splices: GC/AG |	307999
                       Number of splices: AT/AC |	44030
               Number of splices: Non-canonical |	49396
                      Mismatch rate per base, % |	0.23%
                         Deletion rate per base |	0.01%
                        Deletion average length |	1.88
                        Insertion rate per base |	0.01%
                       Insertion average length |	1.62
                             MULTI-MAPPING READS:
        Number of reads mapped to multiple loci |	955104
             % of reads mapped to multiple loci |	2.16%
        Number of reads mapped to too many loci |	9670
             % of reads mapped to too many loci |	0.02%
                                  UNMAPPED READS:
  Number of reads unmapped: too many mismatches |	0
       % of reads unmapped: too many mismatches |	0.00%
            Number of reads unmapped: too short |	914829
                 % of reads unmapped: too short |	2.07%
                Number of reads unmapped: other |	14185
                     % of reads unmapped: other |	0.03%
                                  CHIMERIC READS:
                       Number of chimeric reads |	0
                            % of chimeric reads |	0.00%
