                                 Started job on |	Jan 11 12:35:34
                             Started mapping on |	Jan 11 12:35:34
                                    Finished on |	Jan 11 13:01:22
       Mapping speed, Million of reads per hour |	95.16

                          Number of input reads |	40916959
                      Average input read length |	300
                                    UNIQUE READS:
                   Uniquely mapped reads number |	39321883
                        Uniquely mapped reads % |	96.10%
                          Average mapped length |	298.41
                       Number of splices: Total |	40823160
            Number of splices: Annotated (sjdb) |	40390004
                       Number of splices: GT/AG |	40446225
                       Number of splices: GC/AG |	290578
                       Number of splices: AT/AC |	41612
               Number of splices: Non-canonical |	44745
                      Mismatch rate per base, % |	0.23%
                         Deletion rate per base |	0.01%
                        Deletion average length |	1.89
                        Insertion rate per base |	0.01%
                       Insertion average length |	1.58
                             MULTI-MAPPING READS:
        Number of reads mapped to multiple loci |	818936
             % of reads mapped to multiple loci |	2.00%
        Number of reads mapped to too many loci |	8952
             % of reads mapped to too many loci |	0.02%
                                  UNMAPPED READS:
  Number of reads unmapped: too many mismatches |	0
       % of reads unmapped: too many mismatches |	0.00%
            Number of reads unmapped: too short |	755001
                 % of reads unmapped: too short |	1.85%
                Number of reads unmapped: other |	12187
                     % of reads unmapped: other |	0.03%
                                  CHIMERIC READS:
                       Number of chimeric reads |	0
                            % of chimeric reads |	0.00%
