                                 Started job on |	Jan 11 10:06:42
                             Started mapping on |	Jan 11 10:13:03
                                    Finished on |	Jan 11 10:32:12
       Mapping speed, Million of reads per hour |	197.65

                          Number of input reads |	63084121
                      Average input read length |	300
                                    UNIQUE READS:
                   Uniquely mapped reads number |	60272060
                        Uniquely mapped reads % |	95.54%
                          Average mapped length |	298.09
                       Number of splices: Total |	61018038
            Number of splices: Annotated (sjdb) |	60401463
                       Number of splices: GT/AG |	60461428
                       Number of splices: GC/AG |	421402
                       Number of splices: AT/AC |	62147
               Number of splices: Non-canonical |	73061
                      Mismatch rate per base, % |	0.23%
                         Deletion rate per base |	0.01%
                        Deletion average length |	1.88
                        Insertion rate per base |	0.01%
                       Insertion average length |	1.64
                             MULTI-MAPPING READS:
        Number of reads mapped to multiple loci |	1309690
             % of reads mapped to multiple loci |	2.08%
        Number of reads mapped to too many loci |	13337
             % of reads mapped to too many loci |	0.02%
                                  UNMAPPED READS:
  Number of reads unmapped: too many mismatches |	0
       % of reads unmapped: too many mismatches |	0.00%
            Number of reads unmapped: too short |	1468446
                 % of reads unmapped: too short |	2.33%
                Number of reads unmapped: other |	20588
                     % of reads unmapped: other |	0.03%
                                  CHIMERIC READS:
                       Number of chimeric reads |	0
                            % of chimeric reads |	0.00%
