                                 Started job on |	Jan 11 11:41:24
                             Started mapping on |	Jan 11 11:41:24
                                    Finished on |	Jan 11 11:57:28
       Mapping speed, Million of reads per hour |	161.77

                          Number of input reads |	43317278
                      Average input read length |	300
                                    UNIQUE READS:
                   Uniquely mapped reads number |	41581478
                        Uniquely mapped reads % |	95.99%
                          Average mapped length |	298.36
                       Number of splices: Total |	43681153
            Number of splices: Annotated (sjdb) |	43254322
                       Number of splices: GT/AG |	43288009
                       Number of splices: GC/AG |	298315
                       Number of splices: AT/AC |	44841
               Number of splices: Non-canonical |	49988
                      Mismatch rate per base, % |	0.22%
                         Deletion rate per base |	0.01%
                        Deletion average length |	1.86
                        Insertion rate per base |	0.01%
                       Insertion average length |	1.64
                             MULTI-MAPPING READS:
        Number of reads mapped to multiple loci |	886357
             % of reads mapped to multiple loci |	2.05%
        Number of reads mapped to too many loci |	8443
             % of reads mapped to too many loci |	0.02%
                                  UNMAPPED READS:
  Number of reads unmapped: too many mismatches |	0
       % of reads unmapped: too many mismatches |	0.00%
            Number of reads unmapped: too short |	828765
                 % of reads unmapped: too short |	1.91%
                Number of reads unmapped: other |	12235
                     % of reads unmapped: other |	0.03%
                                  CHIMERIC READS:
                       Number of chimeric reads |	0
                            % of chimeric reads |	0.00%
